<?xml version="1.0" encoding="UTF-8"?>
<!-- Generated by org.testng.reporters.JUnitReportReporter -->
<testsuite hostname="NSL-6512" failures="0" tests="6" name="base.TestScript" time="1.143" errors="0" timestamp="2022-08-16T11:36:54 IST" skipped="0">
  <testcase classname="base.TestScript" name="prerequisite" time="0.148"/>
  <system-out/>
  <testcase classname="base.TestScript" name="prerequisite" time="0.144"/>
  <system-out/>
  <testcase classname="base.TestScript" name="prerequisite" time="0.116"/>
  <system-out/>
  <testcase classname="base.TestScript" name="prerequisite" time="0.148"/>
  <system-out/>
  <testcase classname="base.TestScript" name="prerequisite" time="0.446"/>
  <system-out/>
  <testcase classname="base.TestScript" name="prerequisite" time="0.141"/>
  <system-out/>
</testsuite> <!-- base.TestScript -->
